Arguments: 
  /home/user/anaconda3/envs/react/bin/node /home/user/anaconda3/envs/react/bin/yarn start

PATH: 
  /home/user/.vscode-server/bin/8dfae7a5cd50421d10cd99cb873990460525a898/bin/remote-cli:/home/user/.local/bin:/home/user/anaconda3/envs/react/bin:/home/user/anaconda3/condabin:/usr/local/sbin:/usr/local/bin:/usr/sbin:/usr/bin:/sbin:/bin:/usr/games:/usr/local/games:/snap/bin:/opt/g16/gauopen:/opt/g16/g16/bsd:/opt/g16/g16:/opt/lammps/lammps-29Oct20/src:/opt/lammps/amber20/bin:/opt/g16/gauopen:/opt/g16/g16/bsd:/opt/g16/g16:/opt/lammps/lammps-29Oct20/src:/opt/lammps/amber20/bin

Yarn version: 
  1.22.18

Node version: 
  17.7.1

Platform: 
  linux x64

Trace: 
  SyntaxError: /data1/python/python/2022/20220410bpmn/react/package.json: Unexpected token } in JSON at position 212
      at JSON.parse (<anonymous>)
      at /home/user/anaconda3/envs/react/lib/node_modules/yarn/lib/cli.js:1625:59
      at Generator.next (<anonymous>)
      at step (/home/user/anaconda3/envs/react/lib/node_modules/yarn/lib/cli.js:310:30)
      at /home/user/anaconda3/envs/react/lib/node_modules/yarn/lib/cli.js:321:13

npm manifest: 
  {
    "name": "bpmn-js-example-react-properties-panel",
    "version": "0.0.0",
    "description": "A custom react properties panel example",
    "scripts": {
      "test": "echo \"Error: no test specified\" && exit 1",
    },
    "author": {
      "name": "Niklas Kiefer",
      "url": "https://github.com/pinussilvestrus"
    },
    "repository": {
      "type": "git",
      "url": "https://github.com/bpmn-io/bpmn-js-example-react-properties-panel"
    },
    "license": "MIT",
    "devDependencies": {
      "@babel/core": "^7.3.4",
      "@babel/plugin-transform-react-jsx": "^7.3.0",
      "babel-loader": "^8.0.5",
      "copy-webpack-plugin": "^5.0.0",
      "css-loader": "^2.1.0",
      "file-loader": "^3.0.1",
      "raw-loader": "^1.0.0",
      "style-loader": "^0.23.1",
      "webpack": "^4.29.5",
      "webpack-cli": "^3.2.3",
      "webpack-dev-server": "^3.2.1"
    },
    "dependencies": {
      "bpmn-js": "^3.2.1",
      "downloadjs": "^1.4.7",
      "react": "^16.8.3",
      "react-dom": "^16.8.3"
    }
  }

yarn manifest: 
  No manifest

Lockfile: 
  No lockfile
